[arguss.co/index.html]
[gmpg.org/xfn/11.html]
[backblue.gif]
[fade.gif]
[index.html]
[translate.google.com/translate_a/element7876.js]
[s3.tradingview.com/external-embedding/embed-widget-market-quotes.js]
[s3.tradingview.com/external-embedding/embed-widget-screener.js]
[arguss.co/index.html]
[widget.rss.app/v1/wall.js]
[gmpg.org/xfn/default.css]
[gmpg.org/xfn/.html]
[gmpg.org/xfn/intro.html]
[gmpg.org/xfn/faq.html]
[gmpg.org/xfn/11.html]
[s.w.org/index.html]
[fonts.googleapis.com/css8d67.css]
[gmpg.org/xfn/.html]
[gmpg.org/xfn/intro.html]
[gmpg.org/xfn/faq.html]
[gmpg.org/xfn/default.css]
